[?25l[?7l[0m[32m[1m                    'c.
                 ,xNMM.
               .OMMMMo
               OMMM0,
     .;loddo:' loolloddol;.
   cKMMMMMMMMMMNWMMMMMMMMMM0:
[0m[33m[1m .KMMMMMMMMMMMMMMMMMMMMMMMWd.
 XMMMMMMMMMMMMMMMMMMMMMMMX.
[0m[31m[1m;MMMMMMMMMMMMMMMMMMMMMMMM:
:MMMMMMMMMMMMMMMMMMMMMMMM:
[0m[31m[1m.MMMMMMMMMMMMMMMMMMMMMMMMX.
 kMMMMMMMMMMMMMMMMMMMMMMMMWd.
 [0m[35m[1m.XMMMMMMMMMMMMMMMMMMMMMMMMMMk
  .XMMMMMMMMMMMMMMMMMMMMMMMMK.
    [0m[34m[1mkMMMMMMMMMMMMMMMMMMMMMMd
     ;KMMMMMMMWXXWMMMMMMMk.
       .cooc,.    .,coo:.[0m
[17A[9999999D[33C[0m[1m[32m[1mbhavdeep[0m@[32m[1mBhavdeeps-MacBook-Pro.local[0m 
[33C[0m------------------------------------[0m 
[33C[0m[33m[1mOS[0m[0m:[0m macOS Mojave 10.14.4 18E226 x86_64[0m 
[33C[0m[33m[1mHost[0m[0m:[0m MacBookPro11,1[0m 
[33C[0m[33m[1mKernel[0m[0m:[0m 18.5.0[0m 
[33C[0m[33m[1mUptime[0m[0m:[0m 6 days, 24 mins[0m 
[33C[0m[33m[1mPackages[0m[0m:[0m 73 (brew)[0m 
[33C[0m[33m[1mShell[0m[0m:[0m bash 3.2.57[0m 
[33C[0m[33m[1mResolution[0m[0m:[0m 1440x900@2x[0m 
[33C[0m[33m[1mDE[0m[0m:[0m Aqua[0m 
[33C[0m[33m[1mWM[0m[0m:[0m Quartz Compositor[0m 
[33C[0m[33m[1mWM Theme[0m[0m:[0m Blue (Dark)[0m 
[33C[0m[33m[1mTerminal[0m[0m:[0m iTerm2[0m 
[33C[0m[33m[1mTerminal Font[0m[0m:[0m Monaco 12[0m 
[33C[0m[33m[1mCPU[0m[0m:[0m Intel i5-4258U (4) @ 2.40GHz[0m 
[33C[0m[33m[1mGPU[0m[0m:[0m Intel Iris[0m 
[33C[0m[33m[1mMemory[0m[0m:[0m 3386MiB / 4096MiB[0m 

[33C[30m[40m   [31m[41m   [32m[42m   [33m[43m   [34m[44m   [35m[45m   [36m[46m   [37m[47m   [0m


[?25h[?7h